-------------------------------------------------------------------------------
Test set: com.will.petClinic.PetClinicApplicationTests
-------------------------------------------------------------------------------
Tests run: 1, Failures: 0, Errors: 1, Skipped: 0, Time elapsed: 0.255 s <<< FAILURE! - in com.will.petClinic.PetClinicApplicationTests
com.will.petClinic.PetClinicApplicationTests  Time elapsed: 0.254 s  <<< ERROR!
java.lang.IllegalStateException: Unable to find a @SpringBootConfiguration, you need to use @ContextConfiguration or @SpringBootTest(classes=...) with your test

